  C_M1_Spacewar_Server.cpp
  Unknown compiler version - please run the configure tests and report the results
E:\Programming\C++\Libraries\M1\M1Timer\include\M1Timer.h(31): warning C4244: 'return': conversion from '__int64' to 'uint32_t', possible loss of data
e:\programming\c++\projects\m1_spacewar_server\git_branch_dev\m1_spacewar_server\Global.h(148): warning C4267: '=': conversion from 'size_t' to 'uint8_t', possible loss of data
e:\programming\c++\projects\m1_spacewar_server\git_branch_dev\m1_spacewar_server\Global.h(204): warning C4244: 'initializing': conversion from 'double' to 'float', possible loss of data
e:\programming\c++\projects\m1_spacewar_server\git_branch_dev\m1_spacewar_server\Global.h(205): warning C4244: 'initializing': conversion from 'double' to 'float', possible loss of data
e:\programming\c++\projects\m1_spacewar_server\git_branch_dev\m1_spacewar_server\Global.h(206): warning C4244: 'initializing': conversion from 'int' to 'float', possible loss of data
e:\programming\c++\projects\m1_spacewar_server\git_branch_dev\m1_spacewar_server\Global.h(207): warning C4244: 'initializing': conversion from 'int' to 'float', possible loss of data
e:\programming\c++\projects\m1_spacewar_server\git_branch_dev\m1_spacewar_server\C_M1_Spacewar_Server.h(133): warning C4244: '=': conversion from 'uint64_t' to 'uint32_t', possible loss of data
e:\programming\c++\projects\m1_spacewar_server\git_branch_dev\m1_spacewar_server\C_M1_Spacewar_Server.h(165): warning C4018: '<': signed/unsigned mismatch
e:\programming\c++\projects\m1_spacewar_server\git_branch_dev\m1_spacewar_server\C_M1_Spacewar_Server.h(181): warning C4018: '<': signed/unsigned mismatch
e:\programming\c++\projects\m1_spacewar_server\git_branch_dev\m1_spacewar_server\C_M1_Spacewar_Server.h(197): warning C4018: '<': signed/unsigned mismatch
e:\programming\c++\projects\m1_spacewar_server\git_branch_dev\m1_spacewar_server\C_M1_Spacewar_Server.h(202): warning C4244: '=': conversion from 'double' to 'int', possible loss of data
e:\programming\c++\projects\m1_spacewar_server\git_branch_dev\m1_spacewar_server\C_M1_Spacewar_Server.h(203): warning C4244: '=': conversion from 'double' to 'int', possible loss of data
e:\programming\c++\projects\m1_spacewar_server\git_branch_dev\m1_spacewar_server\C_M1_Spacewar_Server.h(222): warning C4018: '<': signed/unsigned mismatch
e:\programming\c++\projects\m1_spacewar_server\git_branch_dev\m1_spacewar_server\C_M1_Spacewar_Server.h(226): warning C4244: '=': conversion from 'double' to 'int', possible loss of data
e:\programming\c++\projects\m1_spacewar_server\git_branch_dev\m1_spacewar_server\C_M1_Spacewar_Server.h(227): warning C4244: '=': conversion from 'double' to 'int', possible loss of data
e:\programming\c++\projects\m1_spacewar_server\git_branch_dev\m1_spacewar_server\C_M1_Spacewar_Server.h(250): warning C4018: '<': signed/unsigned mismatch
e:\programming\c++\projects\m1_spacewar_server\git_branch_dev\m1_spacewar_server\C_M1_Spacewar_Server.h(257): warning C4244: '=': conversion from 'double' to 'int', possible loss of data
e:\programming\c++\projects\m1_spacewar_server\git_branch_dev\m1_spacewar_server\C_M1_Spacewar_Server.h(258): warning C4244: '=': conversion from 'double' to 'int', possible loss of data
e:\programming\c++\projects\m1_spacewar_server\git_branch_dev\m1_spacewar_server\C_M1_Spacewar_Server.h(274): warning C4018: '<': signed/unsigned mismatch
e:\programming\c++\projects\m1_spacewar_server\git_branch_dev\m1_spacewar_server\C_M1_Spacewar_Server.h(281): warning C4244: '=': conversion from 'double' to 'int', possible loss of data
e:\programming\c++\projects\m1_spacewar_server\git_branch_dev\m1_spacewar_server\C_M1_Spacewar_Server.h(282): warning C4244: '=': conversion from 'double' to 'int', possible loss of data
C_M1_Spacewar_Server.cpp(51): warning C4018: '<': signed/unsigned mismatch
C_M1_Spacewar_Server.cpp(86): warning C4018: '<': signed/unsigned mismatch
C_M1_Spacewar_Server.cpp(185): warning C4244: '=': conversion from 'uint64_t' to 'uint32_t', possible loss of data
C_M1_Spacewar_Server.cpp(186): warning C4018: '<=': signed/unsigned mismatch
  Global.cpp
  Unknown compiler version - please run the configure tests and report the results
E:\Programming\C++\Libraries\M1\M1Timer\include\M1Timer.h(31): warning C4244: 'return': conversion from '__int64' to 'uint32_t', possible loss of data
e:\programming\c++\projects\m1_spacewar_server\git_branch_dev\m1_spacewar_server\Global.h(148): warning C4267: '=': conversion from 'size_t' to 'uint8_t', possible loss of data
e:\programming\c++\projects\m1_spacewar_server\git_branch_dev\m1_spacewar_server\Global.h(204): warning C4244: 'initializing': conversion from 'double' to 'float', possible loss of data
e:\programming\c++\projects\m1_spacewar_server\git_branch_dev\m1_spacewar_server\Global.h(205): warning C4244: 'initializing': conversion from 'double' to 'float', possible loss of data
e:\programming\c++\projects\m1_spacewar_server\git_branch_dev\m1_spacewar_server\Global.h(206): warning C4244: 'initializing': conversion from 'int' to 'float', possible loss of data
e:\programming\c++\projects\m1_spacewar_server\git_branch_dev\m1_spacewar_server\Global.h(207): warning C4244: 'initializing': conversion from 'int' to 'float', possible loss of data
  main.cpp
  Unknown compiler version - please run the configure tests and report the results
E:\Programming\C++\Libraries\M1\M1Timer\include\M1Timer.h(31): warning C4244: 'return': conversion from '__int64' to 'uint32_t', possible loss of data
e:\programming\c++\projects\m1_spacewar_server\git_branch_dev\m1_spacewar_server\Global.h(148): warning C4267: '=': conversion from 'size_t' to 'uint8_t', possible loss of data
e:\programming\c++\projects\m1_spacewar_server\git_branch_dev\m1_spacewar_server\Global.h(204): warning C4244: 'initializing': conversion from 'double' to 'float', possible loss of data
e:\programming\c++\projects\m1_spacewar_server\git_branch_dev\m1_spacewar_server\Global.h(205): warning C4244: 'initializing': conversion from 'double' to 'float', possible loss of data
e:\programming\c++\projects\m1_spacewar_server\git_branch_dev\m1_spacewar_server\Global.h(206): warning C4244: 'initializing': conversion from 'int' to 'float', possible loss of data
e:\programming\c++\projects\m1_spacewar_server\git_branch_dev\m1_spacewar_server\Global.h(207): warning C4244: 'initializing': conversion from 'int' to 'float', possible loss of data
e:\programming\c++\projects\m1_spacewar_server\git_branch_dev\m1_spacewar_server\C_M1_Spacewar_Server.h(133): warning C4244: '=': conversion from 'uint64_t' to 'uint32_t', possible loss of data
e:\programming\c++\projects\m1_spacewar_server\git_branch_dev\m1_spacewar_server\C_M1_Spacewar_Server.h(165): warning C4018: '<': signed/unsigned mismatch
e:\programming\c++\projects\m1_spacewar_server\git_branch_dev\m1_spacewar_server\C_M1_Spacewar_Server.h(181): warning C4018: '<': signed/unsigned mismatch
e:\programming\c++\projects\m1_spacewar_server\git_branch_dev\m1_spacewar_server\C_M1_Spacewar_Server.h(197): warning C4018: '<': signed/unsigned mismatch
e:\programming\c++\projects\m1_spacewar_server\git_branch_dev\m1_spacewar_server\C_M1_Spacewar_Server.h(202): warning C4244: '=': conversion from 'double' to 'int', possible loss of data
e:\programming\c++\projects\m1_spacewar_server\git_branch_dev\m1_spacewar_server\C_M1_Spacewar_Server.h(203): warning C4244: '=': conversion from 'double' to 'int', possible loss of data
e:\programming\c++\projects\m1_spacewar_server\git_branch_dev\m1_spacewar_server\C_M1_Spacewar_Server.h(222): warning C4018: '<': signed/unsigned mismatch
e:\programming\c++\projects\m1_spacewar_server\git_branch_dev\m1_spacewar_server\C_M1_Spacewar_Server.h(226): warning C4244: '=': conversion from 'double' to 'int', possible loss of data
e:\programming\c++\projects\m1_spacewar_server\git_branch_dev\m1_spacewar_server\C_M1_Spacewar_Server.h(227): warning C4244: '=': conversion from 'double' to 'int', possible loss of data
e:\programming\c++\projects\m1_spacewar_server\git_branch_dev\m1_spacewar_server\C_M1_Spacewar_Server.h(250): warning C4018: '<': signed/unsigned mismatch
e:\programming\c++\projects\m1_spacewar_server\git_branch_dev\m1_spacewar_server\C_M1_Spacewar_Server.h(257): warning C4244: '=': conversion from 'double' to 'int', possible loss of data
e:\programming\c++\projects\m1_spacewar_server\git_branch_dev\m1_spacewar_server\C_M1_Spacewar_Server.h(258): warning C4244: '=': conversion from 'double' to 'int', possible loss of data
e:\programming\c++\projects\m1_spacewar_server\git_branch_dev\m1_spacewar_server\C_M1_Spacewar_Server.h(274): warning C4018: '<': signed/unsigned mismatch
e:\programming\c++\projects\m1_spacewar_server\git_branch_dev\m1_spacewar_server\C_M1_Spacewar_Server.h(281): warning C4244: '=': conversion from 'double' to 'int', possible loss of data
e:\programming\c++\projects\m1_spacewar_server\git_branch_dev\m1_spacewar_server\C_M1_Spacewar_Server.h(282): warning C4244: '=': conversion from 'double' to 'int', possible loss of data
  Generating code
  All 1004 functions were compiled because no usable IPDB/IOBJ from previous compilation was found.
  Finished generating code
M1Random.lib(M1Random.obj) : warning LNK4099: PDB 'M1Random.pdb' was not found with 'M1Random.lib(M1Random.obj)' or at 'E:\Programming\C++\Projects\M1_Spacewar_Server\git_branch_dev\Release\M1Random.pdb'; linking object as if no debug info
  M1_Spacewar_Server.vcxproj -> E:\Programming\C++\Projects\M1_Spacewar_Server\git_branch_dev\Release\M1_Spacewar_Server.exe
